<?xml version="1.0" encoding="UTF-8"?>
<testsuite name="opp.WallServiceTest" tests="7" skipped="0" failures="0" errors="0" timestamp="2022-08-09T16:47:04" hostname="SUMBUL" time="0.018">
  <properties/>
  <testcase name="addCommitted" classname="opp.WallServiceTest" time="0.016"/>
  <testcase name="updateFalse" classname="opp.WallServiceTest" time="0.0"/>
  <testcase name="shouldThrow" classname="opp.WallServiceTest" time="0.001"/>
  <testcase name="updateTrue" classname="opp.WallServiceTest" time="0.0"/>
  <testcase name="reportCommentOwnerId" classname="opp.WallServiceTest" time="0.0"/>
  <testcase name="commentCreated" classname="opp.WallServiceTest" time="0.0"/>
  <testcase name="reportCommentReason" classname="opp.WallServiceTest" time="0.0"/>
  <system-out><![CDATA[]]></system-out>
  <system-err><![CDATA[]]></system-err>
</testsuite>
